<?xml version="1.0" encoding="UTF-8"?>
<testng-results ignored="0" total="15" passed="14" failed="1" skipped="0">
  <reporter-output>
  </reporter-output>
  <suite started-at="2022-01-18T08:02:08Z" name="BDDTestSuite" finished-at="2022-01-18T08:06:42Z" duration-ms="273710">
    <groups>
      <group name="cucumber">
        <method signature="AbstractTestNGCucumberTests.runScenario(io.cucumber.testng.PickleWrapper, io.cucumber.testng.FeatureWrapper)[pri:0, instance:runner.testRunner@125290e5]" name="runScenario" class="io.cucumber.testng.AbstractTestNGCucumberTests"/>
      </group> <!-- cucumber -->
    </groups>
    <test started-at="2022-01-18T08:02:08Z" name="modelTest" finished-at="2022-01-18T08:06:42Z" duration-ms="273710">
      <class name="runner.testRunner">
        <test-method is-config="true" signature="setUpClass()[pri:0, instance:runner.testRunner@125290e5]" started-at="2022-01-18T08:02:08Z" name="setUpClass" finished-at="2022-01-18T08:02:09Z" duration-ms="783" status="PASS">
          <reporter-output>
          </reporter-output>
        </test-method> <!-- setUpClass -->
        <test-method signature="runScenario(io.cucumber.testng.PickleWrapper, io.cucumber.testng.FeatureWrapper)[pri:0, instance:runner.testRunner@125290e5]" started-at="2022-01-18T08:02:09Z" name="runScenario" description="Runs Cucumber Scenarios" data-provider="scenarios" finished-at="2022-01-18T08:02:19Z" duration-ms="9874" status="PASS">
          <params>
            <param index="0">
              <value>
                <![CDATA["Getting the title and verifying as expected"]]>
              </value>
            </param>
            <param index="1">
              <value>
                <![CDATA["Optional[Homepage]"]]>
              </value>
            </param>
          </params>
          <reporter-output>
          </reporter-output>
        </test-method> <!-- runScenario -->
        <test-method signature="runScenario(io.cucumber.testng.PickleWrapper, io.cucumber.testng.FeatureWrapper)[pri:0, instance:runner.testRunner@125290e5]" started-at="2022-01-18T08:02:19Z" name="runScenario" description="Runs Cucumber Scenarios" data-provider="scenarios" finished-at="2022-01-18T08:02:28Z" duration-ms="9670" status="PASS">
          <params>
            <param index="0">
              <value>
                <![CDATA["Verifying whether On-Demand Cabs element is present on the page"]]>
              </value>
            </param>
            <param index="1">
              <value>
                <![CDATA["Optional[Homepage]"]]>
              </value>
            </param>
          </params>
          <reporter-output>
          </reporter-output>
        </test-method> <!-- runScenario -->
        <test-method signature="runScenario(io.cucumber.testng.PickleWrapper, io.cucumber.testng.FeatureWrapper)[pri:0, instance:runner.testRunner@125290e5]" started-at="2022-01-18T08:02:28Z" name="runScenario" description="Runs Cucumber Scenarios" data-provider="scenarios" finished-at="2022-01-18T08:02:47Z" duration-ms="18173" status="PASS">
          <params>
            <param index="0">
              <value>
                <![CDATA["Agent Login with details"]]>
              </value>
            </param>
            <param index="1">
              <value>
                <![CDATA["Optional[LoginPage]"]]>
              </value>
            </param>
          </params>
          <reporter-output>
          </reporter-output>
        </test-method> <!-- runScenario -->
        <test-method signature="runScenario(io.cucumber.testng.PickleWrapper, io.cucumber.testng.FeatureWrapper)[pri:0, instance:runner.testRunner@125290e5]" started-at="2022-01-18T08:02:47Z" name="runScenario" description="Runs Cucumber Scenarios" data-provider="scenarios" finished-at="2022-01-18T08:03:01Z" duration-ms="14981" status="PASS">
          <params>
            <param index="0">
              <value>
                <![CDATA["Customer Login with details"]]>
              </value>
            </param>
            <param index="1">
              <value>
                <![CDATA["Optional[LoginPage]"]]>
              </value>
            </param>
          </params>
          <reporter-output>
          </reporter-output>
        </test-method> <!-- runScenario -->
        <test-method signature="runScenario(io.cucumber.testng.PickleWrapper, io.cucumber.testng.FeatureWrapper)[pri:0, instance:runner.testRunner@125290e5]" started-at="2022-01-18T08:03:01Z" name="runScenario" description="Runs Cucumber Scenarios" data-provider="scenarios" finished-at="2022-01-18T08:03:18Z" duration-ms="16957" status="PASS">
          <params>
            <param index="0">
              <value>
                <![CDATA["Forgot password with details"]]>
              </value>
            </param>
            <param index="1">
              <value>
                <![CDATA["Optional[LoginPage]"]]>
              </value>
            </param>
          </params>
          <reporter-output>
          </reporter-output>
        </test-method> <!-- runScenario -->
        <test-method signature="runScenario(io.cucumber.testng.PickleWrapper, io.cucumber.testng.FeatureWrapper)[pri:0, instance:runner.testRunner@125290e5]" started-at="2022-01-18T08:03:18Z" name="runScenario" description="Runs Cucumber Scenarios" data-provider="scenarios" finished-at="2022-01-18T08:03:37Z" duration-ms="18953" status="PASS">
          <params>
            <param index="0">
              <value>
                <![CDATA["One Way Booking"]]>
              </value>
            </param>
            <param index="1">
              <value>
                <![CDATA["Optional[Select Car page]"]]>
              </value>
            </param>
          </params>
          <reporter-output>
          </reporter-output>
        </test-method> <!-- runScenario -->
        <test-method signature="runScenario(io.cucumber.testng.PickleWrapper, io.cucumber.testng.FeatureWrapper)[pri:0, instance:runner.testRunner@125290e5]" started-at="2022-01-18T08:03:37Z" name="runScenario" description="Runs Cucumber Scenarios" data-provider="scenarios" finished-at="2022-01-18T08:04:01Z" duration-ms="23170" status="PASS">
          <params>
            <param index="0">
              <value>
                <![CDATA["Round Trip Booking"]]>
              </value>
            </param>
            <param index="1">
              <value>
                <![CDATA["Optional[Select Car page]"]]>
              </value>
            </param>
          </params>
          <reporter-output>
          </reporter-output>
        </test-method> <!-- runScenario -->
        <test-method signature="runScenario(io.cucumber.testng.PickleWrapper, io.cucumber.testng.FeatureWrapper)[pri:0, instance:runner.testRunner@125290e5]" started-at="2022-01-18T08:04:01Z" name="runScenario" description="Runs Cucumber Scenarios" data-provider="scenarios" finished-at="2022-01-18T08:04:17Z" duration-ms="16202" status="FAIL">
          <params>
            <param index="0">
              <value>
                <![CDATA["Local Trip Booking"]]>
              </value>
            </param>
            <param index="1">
              <value>
                <![CDATA["Optional[Select Car page]"]]>
              </value>
            </param>
          </params>
          <exception class="java.lang.AssertionError">
            <message>
              <![CDATA[expected [true] but found [false]]]>
            </message>
            <full-stacktrace>
              <![CDATA[java.lang.AssertionError: expected [true] but found [false]
at org.testng.Assert.fail(Assert.java:96)
at org.testng.Assert.failNotEquals(Assert.java:776)
at org.testng.Assert.assertTrue(Assert.java:44)
at org.testng.Assert.assertTrue(Assert.java:54)
at uiRepositories.selectCarPageUI.localBooking(selectCarPageUI.java:243)
at stepDefinations.StepDefination_03Selectcar.localTripBooking(StepDefination_03Selectcar.java:48)
at ✽.User validates the car price for local trip booking(file:///D:/SDET/Comprehensive_Assesment%20Hybrid/BDDAutomation/src/test/java/features/003_SearchCarpage.feature:14)
]]>
            </full-stacktrace>
          </exception> <!-- java.lang.AssertionError -->
          <reporter-output>
          </reporter-output>
        </test-method> <!-- runScenario -->
        <test-method signature="runScenario(io.cucumber.testng.PickleWrapper, io.cucumber.testng.FeatureWrapper)[pri:0, instance:runner.testRunner@125290e5]" started-at="2022-01-18T08:04:17Z" name="runScenario" description="Runs Cucumber Scenarios" data-provider="scenarios" finished-at="2022-01-18T08:04:44Z" duration-ms="26748" status="PASS">
          <params>
            <param index="0">
              <value>
                <![CDATA["Cab from the airport"]]>
              </value>
            </param>
            <param index="1">
              <value>
                <![CDATA["Optional[Select Car page]"]]>
              </value>
            </param>
          </params>
          <reporter-output>
          </reporter-output>
        </test-method> <!-- runScenario -->
        <test-method signature="runScenario(io.cucumber.testng.PickleWrapper, io.cucumber.testng.FeatureWrapper)[pri:0, instance:runner.testRunner@125290e5]" started-at="2022-01-18T08:04:44Z" name="runScenario" description="Runs Cucumber Scenarios" data-provider="scenarios" finished-at="2022-01-18T08:05:10Z" duration-ms="26682" status="PASS">
          <params>
            <param index="0">
              <value>
                <![CDATA["Cab to the airport"]]>
              </value>
            </param>
            <param index="1">
              <value>
                <![CDATA["Optional[Select Car page]"]]>
              </value>
            </param>
          </params>
          <reporter-output>
          </reporter-output>
        </test-method> <!-- runScenario -->
        <test-method signature="runScenario(io.cucumber.testng.PickleWrapper, io.cucumber.testng.FeatureWrapper)[pri:0, instance:runner.testRunner@125290e5]" started-at="2022-01-18T08:05:10Z" name="runScenario" description="Runs Cucumber Scenarios" data-provider="scenarios" finished-at="2022-01-18T08:05:30Z" duration-ms="19756" status="PASS">
          <params>
            <param index="0">
              <value>
                <![CDATA["Contact Us"]]>
              </value>
            </param>
            <param index="1">
              <value>
                <![CDATA["Optional[Footer page]"]]>
              </value>
            </param>
          </params>
          <reporter-output>
          </reporter-output>
        </test-method> <!-- runScenario -->
        <test-method signature="runScenario(io.cucumber.testng.PickleWrapper, io.cucumber.testng.FeatureWrapper)[pri:0, instance:runner.testRunner@125290e5]" started-at="2022-01-18T08:05:30Z" name="runScenario" description="Runs Cucumber Scenarios" data-provider="scenarios" finished-at="2022-01-18T08:05:48Z" duration-ms="18007" status="PASS">
          <params>
            <param index="0">
              <value>
                <![CDATA["Blogger Social link"]]>
              </value>
            </param>
            <param index="1">
              <value>
                <![CDATA["Optional[Footer page]"]]>
              </value>
            </param>
          </params>
          <reporter-output>
          </reporter-output>
        </test-method> <!-- runScenario -->
        <test-method signature="runScenario(io.cucumber.testng.PickleWrapper, io.cucumber.testng.FeatureWrapper)[pri:0, instance:runner.testRunner@125290e5]" started-at="2022-01-18T08:05:48Z" name="runScenario" description="Runs Cucumber Scenarios" data-provider="scenarios" finished-at="2022-01-18T08:06:04Z" duration-ms="16295" status="PASS">
          <params>
            <param index="0">
              <value>
                <![CDATA["About Us"]]>
              </value>
            </param>
            <param index="1">
              <value>
                <![CDATA["Optional[Footer page]"]]>
              </value>
            </param>
          </params>
          <reporter-output>
          </reporter-output>
        </test-method> <!-- runScenario -->
        <test-method signature="runScenario(io.cucumber.testng.PickleWrapper, io.cucumber.testng.FeatureWrapper)[pri:0, instance:runner.testRunner@125290e5]" started-at="2022-01-18T08:06:04Z" name="runScenario" description="Runs Cucumber Scenarios" data-provider="scenarios" finished-at="2022-01-18T08:06:23Z" duration-ms="19060" status="PASS">
          <params>
            <param index="0">
              <value>
                <![CDATA["Sitemap cab type"]]>
              </value>
            </param>
            <param index="1">
              <value>
                <![CDATA["Optional[Footer page]"]]>
              </value>
            </param>
          </params>
          <reporter-output>
          </reporter-output>
        </test-method> <!-- runScenario -->
        <test-method signature="runScenario(io.cucumber.testng.PickleWrapper, io.cucumber.testng.FeatureWrapper)[pri:0, instance:runner.testRunner@125290e5]" started-at="2022-01-18T08:06:23Z" name="runScenario" description="Runs Cucumber Scenarios" data-provider="scenarios" finished-at="2022-01-18T08:06:41Z" duration-ms="17982" status="PASS">
          <params>
            <param index="0">
              <value>
                <![CDATA["Car rental cities"]]>
              </value>
            </param>
            <param index="1">
              <value>
                <![CDATA["Optional[Footer page]"]]>
              </value>
            </param>
          </params>
          <reporter-output>
          </reporter-output>
        </test-method> <!-- runScenario -->
        <test-method is-config="true" signature="tearDownClass()[pri:0, instance:runner.testRunner@125290e5]" started-at="2022-01-18T08:06:41Z" name="tearDownClass" finished-at="2022-01-18T08:06:42Z" duration-ms="366" status="PASS">
          <reporter-output>
          </reporter-output>
        </test-method> <!-- tearDownClass -->
      </class> <!-- runner.testRunner -->
    </test> <!-- modelTest -->
  </suite> <!-- BDDTestSuite -->
</testng-results>
